<?xml version="1.0" encoding="UTF-8"?>
<testsuite name="pe.edu.galaxy.training.java.spring.boot.ms.demo.MSDemoApplicationTests" tests="1" skipped="0" failures="0" errors="0" timestamp="2023-07-26T18:05:14" hostname="RANDY" time="0.219">
  <properties/>
  <testcase name="contextLoads()" classname="pe.edu.galaxy.training.java.spring.boot.ms.demo.MSDemoApplicationTests" time="0.219"/>
  <system-out><![CDATA[13:05:13.062 [Test worker] DEBUG org.springframework.test.context.BootstrapUtils - Instantiating CacheAwareContextLoaderDelegate from class [org.springframework.test.context.cache.DefaultCacheAwareContextLoaderDelegate]
13:05:13.075 [Test worker] DEBUG org.springframework.test.context.BootstrapUtils - Instantiating BootstrapContext using constructor [public org.springframework.test.context.support.DefaultBootstrapContext(java.lang.Class,org.springframework.test.context.CacheAwareContextLoaderDelegate)]
13:05:13.096 [Test worker] DEBUG org.springframework.test.context.BootstrapUtils - Instantiating TestContextBootstrapper for test class [pe.edu.galaxy.training.java.spring.boot.ms.demo.MSDemoApplicationTests] from class [org.springframework.boot.test.context.SpringBootTestContextBootstrapper]
13:05:13.108 [Test worker] INFO org.springframework.boot.test.context.SpringBootTestContextBootstrapper - Neither @ContextConfiguration nor @ContextHierarchy found for test class [pe.edu.galaxy.training.java.spring.boot.ms.demo.MSDemoApplicationTests], using SpringBootContextLoader
13:05:13.110 [Test worker] DEBUG org.springframework.test.context.support.AbstractContextLoader - Did not detect default resource location for test class [pe.edu.galaxy.training.java.spring.boot.ms.demo.MSDemoApplicationTests]: class path resource [pe/edu/galaxy/training/java/spring/boot/ms/demo/MSDemoApplicationTests-context.xml] does not exist
13:05:13.111 [Test worker] DEBUG org.springframework.test.context.support.AbstractContextLoader - Did not detect default resource location for test class [pe.edu.galaxy.training.java.spring.boot.ms.demo.MSDemoApplicationTests]: class path resource [pe/edu/galaxy/training/java/spring/boot/ms/demo/MSDemoApplicationTestsContext.groovy] does not exist
13:05:13.111 [Test worker] INFO org.springframework.test.context.support.AbstractContextLoader - Could not detect default resource locations for test class [pe.edu.galaxy.training.java.spring.boot.ms.demo.MSDemoApplicationTests]: no resource found for suffixes {-context.xml, Context.groovy}.
13:05:13.141 [Test worker] DEBUG org.springframework.test.context.support.ActiveProfilesUtils - Could not find an 'annotation declaring class' for annotation type [org.springframework.test.context.ActiveProfiles] and class [pe.edu.galaxy.training.java.spring.boot.ms.demo.MSDemoApplicationTests]
13:05:13.220 [Test worker] DEBUG org.springframework.boot.test.context.SpringBootTestContextBootstrapper - @TestExecutionListeners is not present for class [pe.edu.galaxy.training.java.spring.boot.ms.demo.MSDemoApplicationTests]: using defaults.
13:05:13.220 [Test worker] INFO org.springframework.boot.test.context.SpringBootTestContextBootstrapper - Loaded default TestExecutionListener class names from location [META-INF/spring.factories]: [org.springframework.boot.test.autoconfigure.restdocs.RestDocsTestExecutionListener, org.springframework.boot.test.autoconfigure.web.client.MockRestServiceServerResetTestExecutionListener, org.springframework.boot.test.autoconfigure.web.servlet.MockMvcPrintOnlyOnFailureTestExecutionListener, org.springframework.boot.test.autoconfigure.web.servlet.WebDriverTestExecutionListener, org.springframework.boot.test.autoconfigure.webservices.client.MockWebServiceServerTestExecutionListener, org.springframework.boot.test.mock.mockito.MockitoTestExecutionListener, org.springframework.boot.test.mock.mockito.ResetMocksTestExecutionListener, org.springframework.test.context.web.ServletTestExecutionListener, org.springframework.test.context.support.DirtiesContextBeforeModesTestExecutionListener, org.springframework.test.context.event.ApplicationEventsTestExecutionListener, org.springframework.test.context.support.DependencyInjectionTestExecutionListener, org.springframework.test.context.support.DirtiesContextTestExecutionListener, org.springframework.test.context.transaction.TransactionalTestExecutionListener, org.springframework.test.context.jdbc.SqlScriptsTestExecutionListener, org.springframework.test.context.event.EventPublishingTestExecutionListener]
13:05:13.230 [Test worker] DEBUG org.springframework.boot.test.context.SpringBootTestContextBootstrapper - Skipping candidate TestExecutionListener [org.springframework.test.context.transaction.TransactionalTestExecutionListener] due to a missing dependency. Specify custom listener classes or make the default listener classes and their required dependencies available. Offending class: [org/springframework/transaction/interceptor/TransactionAttributeSource]
13:05:13.231 [Test worker] DEBUG org.springframework.boot.test.context.SpringBootTestContextBootstrapper - Skipping candidate TestExecutionListener [org.springframework.test.context.jdbc.SqlScriptsTestExecutionListener] due to a missing dependency. Specify custom listener classes or make the default listener classes and their required dependencies available. Offending class: [org/springframework/transaction/interceptor/TransactionAttribute]
13:05:13.231 [Test worker] INFO org.springframework.boot.test.context.SpringBootTestContextBootstrapper - Using TestExecutionListeners: [org.springframework.test.context.web.ServletTestExecutionListener@27c36050, org.springframework.test.context.support.DirtiesContextBeforeModesTestExecutionListener@35ab3446, org.springframework.test.context.event.ApplicationEventsTestExecutionListener@1a1b3185, org.springframework.boot.test.mock.mockito.MockitoTestExecutionListener@1c20fe0c, org.springframework.boot.test.autoconfigure.SpringBootDependencyInjectionTestExecutionListener@20dddc38, org.springframework.test.context.support.DirtiesContextTestExecutionListener@4c38d561, org.springframework.test.context.event.EventPublishingTestExecutionListener@fec427a, org.springframework.boot.test.autoconfigure.restdocs.RestDocsTestExecutionListener@14271d15, org.springframework.boot.test.autoconfigure.web.client.MockRestServiceServerResetTestExecutionListener@5ad52fb5, org.springframework.boot.test.autoconfigure.web.servlet.MockMvcPrintOnlyOnFailureTestExecutionListener@504c6a53, org.springframework.boot.test.autoconfigure.web.servlet.WebDriverTestExecutionListener@3d5e0db2, org.springframework.boot.test.autoconfigure.webservices.client.MockWebServiceServerTestExecutionListener@113d60b9, org.springframework.boot.test.mock.mockito.ResetMocksTestExecutionListener@62664dac]
13:05:13.234 [Test worker] DEBUG org.springframework.test.context.support.AbstractDirtiesContextTestExecutionListener - Before test class: context [DefaultTestContext@10c8020f testClass = MSDemoApplicationTests, testInstance = [null], testMethod = [null], testException = [null], mergedContextConfiguration = [WebMergedContextConfiguration@64ac4400 testClass = MSDemoApplicationTests, locations = '{}', classes = '{class pe.edu.galaxy.training.java.spring.boot.ms.demo.MSDemo1Application}', contextInitializerClasses = '[]', activeProfiles = '{}', propertySourceLocations = '{}', propertySourceProperties = '{org.springframework.boot.test.context.SpringBootTestContextBootstrapper=true}', contextCustomizers = set[org.springframework.boot.test.autoconfigure.actuate.metrics.MetricsExportContextCustomizerFactory$DisableMetricExportContextCustomizer@584854b1, org.springframework.boot.test.autoconfigure.properties.PropertyMappingContextCustomizer@0, org.springframework.boot.test.autoconfigure.web.servlet.WebDriverContextCustomizerFactory$Customizer@25a90f0f, org.springframework.boot.test.context.filter.ExcludeFilterContextCustomizer@609b5453, org.springframework.boot.test.json.DuplicateJsonObjectContextCustomizerFactory$DuplicateJsonObjectContextCustomizer@7357de64, org.springframework.boot.test.mock.mockito.MockitoContextCustomizer@0, org.springframework.boot.test.web.client.TestRestTemplateContextCustomizer@3d150309, org.springframework.boot.test.context.SpringBootTestArgs@1, org.springframework.boot.test.context.SpringBootTestWebEnvironment@3b03ba9c], resourceBasePath = 'src/main/webapp', contextLoader = 'org.springframework.boot.test.context.SpringBootContextLoader', parent = [null]], attributes = map['org.springframework.test.context.web.ServletTestExecutionListener.activateListener' -> true]], class annotated with @DirtiesContext [false] with mode [null].
13:05:13.259 [Test worker] DEBUG org.springframework.test.context.support.TestPropertySourceUtils - Adding inlined properties to environment: {spring.jmx.enabled=false, org.springframework.boot.test.context.SpringBootTestContextBootstrapper=true}

  .   ____          _            __ _ _
 /\\ / ___'_ __ _ _(_)_ __  __ _ \ \ \ \
( ( )\___ | '_ | '_| | '_ \/ _` | \ \ \ \
 \\/  ___)| |_)| | | | | || (_| |  ) ) ) )
  '  |____| .__|_| |_|_| |_\__, | / / / /
 =========|_|==============|___/=/_/_/_/
 :: Spring Boot ::                (v2.4.5)

2023-07-26 13:05:13.475  INFO 16724 --- [    Test worker] p.e.g.t.j.s.b.m.d.MSDemoApplicationTests : Starting MSDemoApplicationTests using Java 11.0.15 on randy with PID 16724 (started by RANDY in D:\Clases\A_Clases_Java_Microservicios\Sesion20_docker\Proyecto\ms-demo\ms-demo)
2023-07-26 13:05:13.477  INFO 16724 --- [    Test worker] p.e.g.t.j.s.b.m.d.MSDemoApplicationTests : No active profile set, falling back to default profiles: default
2023-07-26 13:05:14.305  INFO 16724 --- [    Test worker] o.c.s.w.s.ServerTracingAutoConfiguration : Creating WebMvcConfigurer bean with class io.opentracing.contrib.spring.web.interceptor.TracingHandlerInterceptor
2023-07-26 13:05:14.410  INFO 16724 --- [    Test worker] o.s.s.concurrent.ThreadPoolTaskExecutor  : Initializing ExecutorService 'applicationTaskExecutor'
2023-07-26 13:05:14.600  INFO 16724 --- [    Test worker] o.c.s.w.s.ServerTracingAutoConfiguration : Creating FilterRegistrationBean bean with TracingFilter mapped to [], skip pattern is "/api-docs.*|/swagger.*|.*\.png|.*\.css|.*\.js|.*\.html|/favicon.ico|/hystrix.stream"
2023-07-26 13:05:14.694  INFO 16724 --- [    Test worker] p.e.g.t.j.s.b.m.d.MSDemoApplicationTests : Started MSDemoApplicationTests in 1.427 seconds (JVM running for 2.287)
]]></system-out>
  <system-err><![CDATA[]]></system-err>
</testsuite>
